\BOOKMARK [0][-]{section*.3}{\376\377\153\325\116\032\213\272\145\207\377\010\213\276\213\241\377\011\123\237\122\033\140\047\130\360\146\016\124\214\153\325\116\032\213\272\145\207\377\010\213\276\213\241\377\011\162\110\147\103\117\177\165\050\143\210\147\103\116\146}{}% 1
\BOOKMARK [0][-]{section*.4}{\376\377\144\130\000\040\000\040\211\201}{}% 2
\BOOKMARK [0][-]{section*.5}{\376\377\000A\000\040\000b\000\040\000s\000\040\000t\000\040\000r\000\040\000a\000\040\000c\000\040\000t}{}% 3
\BOOKMARK [0][-]{section*.6}{\376\377\143\322\000\040\126\376\000\040\175\042\000\040\137\025}{}% 4
\BOOKMARK [0][-]{section*.7}{\376\377\226\104\000\040\210\150\000\040\175\042\000\040\137\025}{}% 5
\BOOKMARK [0][-]{chapter.1}{\376\377\176\352\213\272}{}% 6
\BOOKMARK [1][-]{section.1.1}{\376\377\170\024\172\166\200\314\146\157\116\016\141\017\116\111}{chapter.1}% 7
\BOOKMARK [2][-]{subsection.1.1.1}{\376\377\217\157\116\366\137\000\123\321\121\150\165\037\124\175\124\150\147\037\116\055\227\000\154\102\122\006\147\220\166\204\221\315\211\201\140\047}{section.1.1}% 8
\BOOKMARK [2][-]{subsection.1.1.2}{\376\377\117\040\176\337\142\113\122\250\000U\000M\000L\136\372\152\041\166\204\117\116\145\110\140\047\116\016\213\355\116\111\120\117\135\356\225\356\230\230}{section.1.1}% 9
\BOOKMARK [2][-]{subsection.1.1.3}{\376\377\131\047\213\355\212\000\152\041\127\213\127\050\116\343\170\001\165\037\142\020\116\016\213\355\116\111\164\006\211\343\116\055\166\204\172\201\170\064}{section.1.1}% 10
\BOOKMARK [1][-]{section.1.2}{\376\377\126\375\121\205\131\026\170\024\172\166\163\260\162\266}{chapter.1}% 11
\BOOKMARK [2][-]{subsection.1.2.1}{\376\377\127\372\116\216\201\352\161\066\213\355\212\000\131\004\164\006\211\304\122\031\166\204\117\040\176\337\136\372\152\041\142\200\147\057}{section.1.2}% 12
\BOOKMARK [2][-]{subsection.1.2.2}{\376\377\127\372\116\216\000T\000r\000a\000n\000s\000f\000o\000r\000m\000e\000r\147\266\147\204\166\204\131\047\213\355\212\000\152\041\127\213\136\372\152\041\170\024\172\166\163\260\162\266}{section.1.2}% 13
\BOOKMARK [2][-]{subsection.1.2.3}{\376\377\131\032\146\172\200\375\117\123\127\050\131\015\147\102\220\073\217\221\143\250\164\006\116\055\166\204\136\224\165\050}{section.1.2}% 14
\BOOKMARK [1][-]{section.1.3}{\376\377\116\073\211\201\170\024\172\166\121\205\133\271\116\016\122\033\145\260\160\271}{chapter.1}% 15
\BOOKMARK [2][-]{subsection.1.3.1}{\376\377\147\204\136\372\127\372\116\216\000L\000a\000n\000g\000G\000r\000a\000p\000h\166\204\131\032\211\322\202\162\123\117\124\014\000A\000g\000e\000n\000t\136\372\152\041\173\241\220\123}{section.1.3}% 16
\BOOKMARK [2][-]{subsection.1.3.2}{\376\377\137\025\121\145\000R\000A\000G\142\200\147\057\211\343\121\263\225\177\145\207\150\143\127\072\146\157\116\013\166\204\117\341\140\157\116\042\131\061\116\016\136\173\211\311}{section.1.3}% 17
\BOOKMARK [2][-]{subsection.1.3.3}{\376\377\000P\000l\000a\000n\000t\000U\000M\000L\156\062\147\323\172\063\133\232\140\047\166\204\152\041\147\177\156\005\155\027\116\016\220\073\217\221\176\246\147\137\173\227\154\325}{section.1.3}% 18
\BOOKMARK [1][-]{section.1.4}{\376\377\213\272\145\207\176\304\176\307\176\323\147\204}{chapter.1}% 19
\BOOKMARK [1][-]{section.1.5}{\376\377\147\054\172\340\134\017\176\323}{chapter.1}% 20
\BOOKMARK [0][-]{chapter.2}{\376\377\166\370\121\163\142\200\147\057\116\016\164\006\213\272\127\372\170\100}{}% 21
\BOOKMARK [1][-]{section.2.1}{\376\377\131\047\213\355\212\000\152\041\127\213\123\237\164\006}{chapter.2}% 22
\BOOKMARK [2][-]{subsection.2.1.1}{\376\377\000T\000r\000a\000n\000s\000f\000o\000r\000m\000e\000r\147\266\147\204\116\016\154\350\141\017\122\233\147\072\122\066}{section.2.1}% 23
\BOOKMARK [2][-]{subsection.2.1.2}{\376\377\000D\000e\000e\000p\000S\000e\000e\000k\143\250\164\006\152\041\127\213\123\312\121\166\127\050\176\323\147\204\123\026\000J\000S\000O\000N\217\223\121\372\116\055\166\204\117\030\122\277}{section.2.1}% 24
\BOOKMARK [1][-]{section.2.2}{\376\377\150\300\175\042\130\236\137\072\165\037\142\020\142\200\147\057}{chapter.2}% 25
\BOOKMARK [2][-]{subsection.2.2.1}{\376\377\145\207\147\054\124\021\221\317\123\026\116\016\166\370\117\074\136\246\123\071\221\115\123\237\164\006}{section.2.2}% 26
\BOOKMARK [2][-]{subsection.2.2.2}{\376\377\124\021\221\317\145\160\143\156\136\223\000C\000h\000r\000o\000m\000a\000D\000B\127\050\227\000\154\102\116\012\116\013\145\207\150\300\175\042\116\055\166\204\117\134\165\050}{section.2.2}% 27
\BOOKMARK [1][-]{section.2.3}{\376\377\131\032\146\172\200\375\117\123\174\373\176\337\116\016\000L\000a\000n\000g\000G\000r\000a\000p\000h}{chapter.2}% 28
\BOOKMARK [2][-]{subsection.2.3.1}{\376\377\146\172\200\375\117\123\211\322\202\162\122\006\135\345\164\006\213\272}{section.2.3}% 29
\BOOKMARK [2][-]{subsection.2.3.2}{\376\377\127\372\116\216\162\266\140\001\126\376\166\204\135\345\117\134\155\101\137\252\163\257\116\016\116\055\145\255\147\072\122\066}{section.2.3}% 30
\BOOKMARK [1][-]{section.2.4}{\376\377\136\372\152\041\213\355\212\000\116\016\123\357\211\306\123\026\142\200\147\057}{chapter.2}% 31
\BOOKMARK [2][-]{subsection.2.4.1}{\376\377\000P\000l\000a\000n\000t\000U\000M\000L\213\355\154\325\211\304\203\003}{section.2.4}% 32
\BOOKMARK [2][-]{subsection.2.4.2}{\376\377\000V\000u\000e\0003\124\315\136\224\137\017\150\106\147\266\116\016\000M\000o\000n\000a\000c\000o\000\040\000E\000d\000i\000t\000o\000r\226\306\142\020\142\200\147\057}{section.2.4}% 33
\BOOKMARK [1][-]{section.2.5}{\376\377\147\054\172\340\134\017\176\323}{chapter.2}% 34
\BOOKMARK [0][-]{chapter.3}{\376\377\174\373\176\337\227\000\154\102\122\006\147\220}{}% 35
\BOOKMARK [1][-]{section.3.1}{\376\377\174\373\176\337\140\073\117\123\166\356\150\007}{chapter.3}% 36
\BOOKMARK [1][-]{section.3.2}{\376\377\165\050\142\067\211\322\202\162\116\016\116\032\122\241\155\101\172\013\122\006\147\220}{chapter.3}% 37
\BOOKMARK [2][-]{subsection.3.2.1}{\376\377\116\032\122\241\155\101\172\013\140\073\117\123\122\006\147\220}{section.3.2}% 38
\BOOKMARK [1][-]{section.3.3}{\376\377\122\237\200\375\227\000\154\102\122\006\147\220}{chapter.3}% 39
\BOOKMARK [2][-]{subsection.3.3.1}{\376\377\230\171\166\356\173\241\164\006\116\016\131\032\152\041\140\001\145\207\150\143\211\343\147\220\227\000\154\102}{section.3.3}% 40
\BOOKMARK [2][-]{subsection.3.3.2}{\376\377\131\015\147\102\230\171\166\356\146\172\200\375\152\041\127\127\142\306\211\343\227\000\154\102}{section.3.3}% 41
\BOOKMARK [2][-]{subsection.3.3.3}{\376\377\165\050\117\213\126\376\060\001\174\173\126\376\060\001\145\366\136\217\126\376\201\352\122\250\123\026\165\037\142\020\227\000\154\102}{section.3.3}% 42
\BOOKMARK [2][-]{subsection.3.3.4}{\376\377\116\272\147\072\116\244\116\222\170\156\213\244\116\016\123\314\124\021\116\343\170\001\177\026\217\221\227\000\154\102}{section.3.3}% 43
\BOOKMARK [1][-]{section.3.4}{\376\377\174\373\176\337\165\050\117\213\136\372\152\041}{chapter.3}% 44
\BOOKMARK [1][-]{section.3.5}{\376\377\174\373\176\337\227\136\122\237\200\375\140\047\227\000\154\102}{chapter.3}% 45
\BOOKMARK [2][-]{subsection.3.5.1}{\376\377\152\041\127\213\143\250\164\006\124\315\136\224\145\366\136\366}{section.3.5}% 46
\BOOKMARK [1][-]{section.3.6}{\376\377\147\054\172\340\134\017\176\323}{chapter.3}% 47
\BOOKMARK [0][-]{chapter.4}{\376\377\174\373\176\337\140\073\117\123\213\276\213\241}{}% 48
\BOOKMARK [1][-]{section.4.1}{\376\377\174\373\176\337\217\157\116\366\147\266\147\204\213\276\213\241}{chapter.4}% 49
\BOOKMARK [2][-]{subsection.4.1.1}{\376\377\122\115\124\016\172\357\122\006\171\273\147\266\147\204\213\276\213\241}{section.4.1}% 50
\BOOKMARK [1][-]{section.4.2}{\376\377\150\070\137\303\173\227\154\325\135\345\117\134\155\101\213\276\213\241}{chapter.4}% 51
\BOOKMARK [2][-]{subsection.4.2.1}{\376\377\127\372\116\216\000R\000A\000G\166\204\227\000\154\102\142\306\211\343\116\016\152\041\127\127\173\241\164\006\155\101\172\013\213\276\213\241}{section.4.2}% 52
\BOOKMARK [2][-]{subsection.4.2.2}{\376\377\127\372\116\216\000L\000a\000n\000g\000G\000r\000a\000p\000h\166\204\131\032\000A\000g\000e\000n\000t\123\117\124\014\213\276\213\241}{section.4.2}% 53
\BOOKMARK [1][-]{section.4.3}{\376\377\145\160\143\156\136\223\213\276\213\241}{chapter.4}% 54
\BOOKMARK [2][-]{subsection.4.3.1}{\376\377\151\202\137\365\152\041\127\213\213\276\213\241}{section.4.3}% 55
\BOOKMARK [2][-]{subsection.4.3.2}{\376\377\162\151\164\006\152\041\127\213\213\276\213\241}{section.4.3}% 56
\BOOKMARK [1][-]{section.4.4}{\376\377\116\272\147\072\116\244\116\222\122\250\140\001\210\150\123\125\213\276\213\241}{chapter.4}% 57
\BOOKMARK [2][-]{subsection.4.4.1}{\376\377\143\320\123\326\176\323\147\234\166\204\225\001\133\232\116\016\177\026\217\221\162\266\140\001\147\072\220\073\217\221}{section.4.4}% 58
\BOOKMARK [1][-]{section.4.5}{\376\377\147\054\172\340\134\017\176\323}{chapter.4}% 59
\BOOKMARK [0][-]{chapter.5}{\376\377\213\346\176\306\213\276\213\241\116\016\133\236\163\260}{}% 60
\BOOKMARK [1][-]{section.5.1}{\376\377\000R\000A\000G\145\207\150\143\211\343\147\220\152\041\127\127\133\236\163\260}{chapter.5}% 61
\BOOKMARK [2][-]{subsection.5.1.1}{\376\377\000P\000D\000F\142\153\143\317\116\366\116\016\145\207\147\054\116\366\211\343\147\220\220\073\217\221}{section.5.1}% 62
\BOOKMARK [2][-]{subsection.5.1.2}{\376\377\145\207\147\054\122\006\127\127\116\016\124\021\221\317\175\042\137\025\147\204\136\372}{section.5.1}% 63
\BOOKMARK [1][-]{section.5.2}{\376\377\131\032\146\172\200\375\117\123\123\117\117\134\136\372\152\041\137\025\144\316\133\236\163\260}{chapter.5}% 64
\BOOKMARK [2][-]{subsection.5.2.1}{\376\377\165\050\117\213\126\376\000A\000g\000e\000n\000t\133\236\163\260\377\032\226\062\153\142\133\144\172\313\211\322\202\162\166\204\176\246\147\137\117\030\123\026}{section.5.2}% 65
\BOOKMARK [2][-]{subsection.5.2.2}{\376\377\174\173\126\376\116\016\145\366\136\217\126\376\000A\000g\000e\000n\000t\133\236\163\260\377\032\000P\000r\000o\000m\000p\000t\135\345\172\013}{section.5.2}% 66
\BOOKMARK [2][-]{subsection.5.2.3}{\376\377\145\255\160\271\147\072\122\066\127\050\000A\000g\000e\000n\000t\202\202\160\271\116\055\166\204\121\167\117\123\133\236\163\260}{section.5.2}% 67
\BOOKMARK [1][-]{section.5.3}{\376\377\201\352\122\250\123\026\156\062\147\323\116\016\152\041\147\177\137\025\144\316\117\030\123\026}{chapter.5}% 68
\BOOKMARK [2][-]{subsection.5.3.1}{\376\377\127\372\116\216\000J\000i\000n\000j\000a\0002\166\204\000P\000U\000M\000L\122\250\140\001\152\041\147\177\176\304\210\305}{section.5.3}% 69
\BOOKMARK [2][-]{subsection.5.3.2}{\376\377\135\345\172\013\117\030\123\026\377\032\116\343\170\001\156\005\155\027}{section.5.3}% 70
\BOOKMARK [1][-]{section.5.4}{\376\377\123\357\211\306\123\026\122\115\172\357\136\163\123\360\133\236\163\260}{chapter.5}% 71
\BOOKMARK [2][-]{subsection.5.4.1}{\376\377\000M\000o\000n\000a\000c\000o\000\040\000E\000d\000i\000t\000o\000r\123\314\124\021\124\014\153\145\147\072\122\066\133\236\163\260}{section.5.4}% 72
\BOOKMARK [2][-]{subsection.5.4.2}{\376\377\136\372\152\041\215\104\116\247\166\204\116\000\225\056\142\123\123\005\133\374\121\372\220\073\217\221}{section.5.4}% 73
\BOOKMARK [1][-]{section.5.5}{\376\377\147\054\172\340\134\017\176\323}{chapter.5}% 74
\BOOKMARK [0][-]{chapter.6}{\376\377\174\373\176\337\133\236\232\214\213\304\155\113\116\016\176\323\147\234\122\006\147\220}{}% 75
\BOOKMARK [1][-]{section.6.1}{\376\377\133\236\232\214\163\257\130\203\116\016\155\113\213\325\145\160\143\156\226\306}{chapter.6}% 76
\BOOKMARK [1][-]{section.6.2}{\376\377\173\227\154\325\147\011\145\110\140\047\133\371\153\324\133\236\232\214}{chapter.6}% 77
\BOOKMARK [2][-]{subsection.6.2.1}{\376\377\123\125\153\041\165\037\142\020\116\016\131\032\000A\000g\000e\000n\000t\122\006\153\145\143\320\123\326\133\371\153\324}{section.6.2}% 78
\BOOKMARK [2][-]{subsection.6.2.2}{\376\377\000R\000A\000G\130\236\137\072\133\371\152\041\127\127\123\026\136\372\152\041\116\000\201\364\140\047\166\204\145\110\147\234\232\214\213\301}{section.6.2}% 79
\BOOKMARK [1][-]{section.6.3}{\376\377\147\054\172\340\134\017\176\323}{chapter.6}% 80
\BOOKMARK [0][-]{chapter.7}{\376\377\140\073\176\323\116\016\134\125\147\033}{}% 81
\BOOKMARK [1][-]{section.7.1}{\376\377\121\150\145\207\135\345\117\134\140\073\176\323}{chapter.7}% 82
\BOOKMARK [1][-]{section.7.2}{\376\377\170\024\172\166\134\100\226\120\140\047\122\006\147\220}{chapter.7}% 83
\BOOKMARK [1][-]{section.7.3}{\376\377\147\052\147\145\170\024\172\166\145\271\124\021}{chapter.7}% 84
\BOOKMARK [0][-]{section*.24}{\376\377\123\302\200\003\145\207\163\056}{}% 85
\BOOKMARK [0][-]{section*.26}{\376\377\201\364\000\040\214\042}{}% 86
